# 実行計画

---

## 概要

実行計画とは何か学習します。
実行計画の取得方法・読み方について学習し、パフォーマンスの問題の調査方法に役立てます。

## 事前準備

以下のSQLを実行してテーブルとテストデータを作成しておいてください。
接続するDBやユーザーは任意ですが、DBMSはPostgreSQLを前提とします。

```sql
-- テーブル削除
drop table if exists tableA; 
drop table if exists tableB;
drop table if exists tableC;


-- テーブルA作成
create table tableA(
    a_id int primary key
    , name varchar(50)
    , value real -- 
);

-- テーブルAのテストデータ作成
insert into tableA
with recursive DUMMY(i) as
(
select 1 i
union all 
select i+1 from DUMMY where i < 100000
)
select i , 'テスト', 500 from DUMMY;

-- テーブルB
create table tableB(
    b_id int primary key
    , a_id int -- tableAのID
    , value real  -- 
);

-- テーブルBのテストデータ作成
insert into tableB
with recursive DUMMY(i) as
(
select 1 i
union all 
select i+1 from DUMMY where i < 100000
)
select i , i, i % 100 + 1 from DUMMY;

-- インデックス作成
create index a_index on tableB (a_id);

-- テーブルC（ビットマップ用）
create table tableC(
    c_id int primary key
    , blood_type varchar(2)
);

insert into tableC
with recursive DUMMY(i) as 
(
    select 1 i
    union all
    select i+1 from DUMMY where i < 10000
)
select i, case 
            when i % 4 = 0 then 'A'
            when i % 4 = 1 then 'B'
            when i % 4 = 2 then 'O'
            when i % 4 = 3 then 'AB'
        end
from DUMMY;

create index c_index on tableC (blood_type);

analyze tableC;

```

## SQLが実行されるまでの処理の流れ

図で表すと以下。

![picture 2](/images/1913ca0359adfc0d1cca10d330b2f875873b18999864f094a7196199403cd435.png)  

クエリとはSQLのこと。

パースは、構文解析という意味。
パーサは構文解析をするプログラム。
SQLの文法が合っているかをチェックしたりする。

オプティマイザは最適化という意味。
まずはプラン生成で実行計画をいくつか作成して、その中からコストが低いものを絞り込みます。

カタログマネージャは、統計情報（レコードの件数がどれだけあるかとか、）とかインデックスとか、DBが内部で持ってる情報を管理してるプログラムのこと。
実行計画を作る上で必要な情報を提供してくれる。

プラン評価では、最終的にどの実行計画で実行するかが決定します。

改めて説明すると

1. SQLが発行される
2. 文が正しいかチェックする
3. カタログマネージャから必要な情報をもらい、それをもとにデータのアクセス方法をいくつか作る。
4. コストが低いものを絞り込みます。
5. 実行計画を一つに絞ります。

という流れ。

### パーサ

パーサは、受け取ったSQL文のパース（構文解析）を行います。

受け取ったSQLが文法的に間違っていないかをチェックします。一般的なプログラミング言語のコンパイル時に行われるものと同様です。

また、受け取ったSQL文を一度バラバラに分解して、それをDBMSが処理しやすい形式に変換します。

### オプティマイザ

オプティマイズとは、「最適化」という意味です。

オプティマイザは、発行されたSQL文の最適なデータアクセスの方法を決定する部分になります。

選択可能な実行計画を作成し、その中から最もコストが低い計画を絞り込みます。

### カタログマネージャ

カタログマネージャは、オプティマイザが実行計画を立てる際に必要となる重要な情報を提供します。

DBMSは、テーブルの「統計情報」やインデックスに関する情報を持っています。それらを管理する部分です。

一度に大量のデータを更新した場合は、統計情報も更新しないと実行計画に影響がでる可能性があります。

PostgerSQLの場合、ANALYZEコマンドにより最新の統計情報を更新できます。

### プラン評価

オプティマイザが複数の実行計画を立てた後、それを受け取って、最適な実行計画を選択するのがプラン評価です。

実行計画が一つに絞り込まれた後、DBMSは実行計画を実行可能なコードに変換してデータへアクセスします。

---

## 実行計画

実行計画とは、データアクセス方法のことです。
DBMSは、SQLが発行されると、まずはそのSQL文の構文があっているかをチェックします。（パーサ）
その後、オプティマイザと呼ばれる最適化のためのソフトウェアが実行計画を生成します。

**実行計画の確認方法**

コマンドで実行する場合、確認方法はDBMSによって異なります。

|DBMS|コマンド|
|:--|:--|
|Oracle|SET AUTOTRACE TRACEONLY|
|SQL Server|SET SHOWPLAN_TEXT ON|
|DB2|EXPLAIN ALL WITH SNAPSHOT FOR SQL文|
|PostgreSQL|EXPLAIN [ANALYZE] SQL文|
|MySQL|EXPLAIN EXTENDED SQL文|

OracleとSQL Serverは、コマンドを実行するとモードが変わり、それ以降、普通にSQLを実行すると実行計画が表示される仕組み。

PostgreSQLやMySQLの場合は、毎回SQL文にEXPLAINをくっつける。
ANALYZEを追加すると、実際に実行されて実際の結果が分かる。

Oracleの場合、解除は以下。

```sql
set autotrace off
```

---

### 実行計画の確認

ここでは事前に３つのテーブルを用意します。
先のSQLでテーブルとテストデータが作成されます。

tableA

|物理名|型|primary key|
|:--|:--|:--|
|a_id|integer|〇|
|name|varchar(50)||
|value|real||

インデックス

* a_id

データ量：10万件

---

tableB

|物理名|型|primary key|
|:--|:--|:--|
|b_id|integer|〇|
|a_id|integer(50)||
|value|real||

インデックス

* a_id
* b_id

データ量：10万件

---

tableC

|物理名|型|primary key|備考|
|:--|:--|:--|:--|
|c_id|integer|〇||
|blood_type|varchar(2)||A,B,O,ABのいずれか|

インデックス

* blood_type

データ量：１万件

---

ここでは、以下の５つの実行計画を確認していきます。

* テーブルフルスキャン
* インデックススキャン
* インデックスオンリースキャン
* ビットマップスキャン
* テーブルの結合
  * Nested loops
  * Hash
  * Sort Merge

実際に実行計画を見てみます。
PostgreSQL環境に接続してください。
以下のコマンドを実行します。

```sql
EXPLAIN SELECT * FROM tableA
```

出力結果は以下のようになります。

```text
    QUERY PLAN
---------------------------------------
Seq Scan on tablea (cost=0.00..1637.00 rows=100000 width=18)
```

コストの数値は環境に依存するため、毎回同じ結果になるとは限りません。
Seq Scanはテーブルへのアクセス方法を示しています。
シーケンシャルスキャンのことで、テーブルフルスキャンと同意です。
括弧の中は、SQLの実行にかかるコスト、出力される行数、出力されるバイト数が表示されます。

### テーブルフルスキャン

テーブルフルスキャンは、対象のテーブルに対する全てのレコードを読み込みます。

PostgreSQLの場合は「Seq Scan」と表示されます。

レコード数の多いテーブルに対してテーブルフルスキャンが行われていた場合パフォーマンスを低下させる可能性が高いです。

WHERE句で条件を指定せずに全レコードを取得する場合はほとんどの場合テーブルフルスキャンになります。
（全件取得の場合はインデックスを使用する方がコストが高くなります。）

また、インデックスが作成されていても適切に使用されていない場合はテーブルフルスキャンになる可能性があります。

---

SQL文は同じですが、続いては以下のコマンドを実行してみましょう。

```sql
EXPLAIN ANALYZE SELECT * FROM tableA;
```

出力された結果を確認してみます。

```text
    QUERY PLAN
------------------------------------
Seq Scan tablea (cost=0.00..1637.00 rows=100000 width=18)
(actual time=0.042..19.426  rows=100000 loops=1)
Planning Time: 0.218 ms
Executing Time: 29.816 ms
```

先ほどよりも多くの情報が出力されています。

実行計画を確認するには「EXPLAIN \<SQL文\>」としますが、
「EXPLAIN ANALYZE \<SQL文\>」とすると、実際にSQL文を実行し、実際にかかった時間やコストも出力されます。

更新系のSQL文に対して実行すると、実際にデータが更新されますので、使用には注意してください。

更新系でこのコマンドを実行したい場合はトランザクションを使うようにしてください。

```sql
begin
explain analuze sql
rollback
```

---

### インデックススキャン

次はWHERE句を使用して条件の絞り込みをしたSQLの場合を見てみます。
以下のコマンドを実行します。

```sql
EXPLAIN SELECT * FROM tableA WHERE a_id = 1;
```

結果

```text
        QUERY PLAN
----------------------------------------
Index Scan using tablea_pkey on tablea (cost=0.29..8.31 rows=1 width=18)
  Index Cond: a_id = 1)
```

インデックススキャンでは、一旦インデックスを使用して対象のレコードを絞り込み、対象のレコードのみを取得します。

テーブルフルスキャンよりもディスクへのアクセス回数を減らすことができるため、高いパフォーマンスが期待できます。

テーブルに対してインデックスが複数存在する場合は、期待したインデックスが使用されているかどうかも確認しましょう。

### インデックスオンリースキャン

次は先ほどのSQLからSELECT句で取得するカラムを一つにします。
以下のコマンドを実行してみましょう。

```sql
EXPLAIN SELECT a_id FROM tableA WHERE a_id = 1;
```

結果

```text
    QUERY PLAN
-------------------------------------------
Index Only Scan using tablea_pkey on tablea (cost=0.29..8.31 rows=1 width=4)
  Index Cond: (a_id = 1)
```

テーブルへのアクセス方法がIndex Only Scan になっています。
先ほどと違うのは、SELECT句に指定したカラムをa_idのみにしていることです。これはインデックスに含まれているカラムなので、インデックスのみのアクセスでデータを取得することができます。

SELECT句に指定したカラムがインデックスに含まれる項目のみの場合はインデックスオンリースキャンによるアクセスになることがあります。
レコードにはアクセスせず、インデックスのみのアクセスでデータを取得できるため、高いパフォーマンスが期待できます。
SELECT句で指定するカラムが限られるので、使用される頻度は少ないです。

---

### ビットマップスキャン

続いて以下のコマンドを実行してみましょう。

```sql
EXPLAIN SELECT * FROM tableC WHERE blood_type='A';
```

結果

```text
        QUERY PLAN
-------------------------------------------
Bitmap Heap Scan on tablec (cost=51.63..127.88 rows=2500 width=6)
  Recheck Cond: ((blood_type)::text = 'A'text)
  -> Bitmap Index Scan on c_index  (cost=0.00..51.00 rows=2500 width=0)
    Index Cond: (blood_type)::text = 'A'::text)
```

テーブルへのアクセス方法がBitmap Heap Scan になっています。
tableCでは10000件のレコードが存在するのに対し、blood_typeは「A」「B」「O」「AB」の4パターンしか存在しません。

絞り込み条件で指定したカラムのカーディナリティ（取りうる値の種類）が少ない場合、B-Treeインデックスを使用しても効果は薄いです。

このような場合はビットマップインデックスが使用される場合があります。

PostgreSQLの場合、実行時にメモリ上にビットマップを作成し、そのビットマップからレコードの検索を行います。

ただし、確認した限りWindows版のPostgreSQLにはビットマップスキャンは実装されていません。

※ビットマップはDB製品によって仕様がいろいろ違う風なので注意。
Oracleの場合は、create indexの時に、ビットマップかどうかをオプションで指定できるのだけど、
ポスグレはそういうのではなく、そのカラムにインデックスがあった時、ビットマップの方がよさげだったら、
ワーキングメモリ上にビットマップを作成して、検索を高速化する。

メモリのサイズによって効果の高さとかが変わってくる。

### 実行計画まとめ

テーブルへのアクセス方法は、テーブルフルスキャン、インデックススキャン、インデックスオンリースキャンなどがある。

パフォーマンスが悪いときは、実行計画を確認し、テーブルへのアクセス方法を確認する。

レコード件数の多いテーブルに対してフルスキャンが行われている場合は要注意。

テーブルフルスキャンによってパフォーマンスが低下している場合は、インデックスが使用されるようなSQL文、またはインデックス設計を検討する。

実行計画の確認方法や表示のされ方は、DBMS製品によって異なります。詳しくは各DBMSのマニュアル等を参照してください。

どのDBMSであっても、実行計画で重要なのは「インデックスの使用の有無」と「どのインデックスが使用されているか」です。

### 結合の実行計画

SQLでパフォーマンスが悪いとき、結合の処理が影響している可能性が高いです。
結合では主に３つのアルゴリズムが使用されます。

**結合のアルゴリズム**

結合のアルゴリズムは、DBMSによってサポートされているものが異なりますが、よく使用されているのは次の3つです。

* Nested Loops
* Hash
* Sort Marge

どれが使用されるかはオプティマイザが判断します。

一つ一つ確認していきます。

### Nested Loops

まずは以下のSQL文の実行計画を確認します。
実行結果は2レコードになるSQL文になっています。

```sql
EXPLAIN SELECT * FROM tableA a
INNER JOIN tableB b
ON a.a_id = b.a_id
WHERE b.value = 1
AND b.a_id BETWEEN 10 AND 200;
```

結果

```text
QUERY PLAN
---------------------------------------------
Nested Loop | (cost=0. 58. . 30. 28 rows=2 width=30)
  -> Index Scan using a index on tableb b (cost=0. 29. . 13. 64 rows=2 width=12)
    Index Cond: ((a_id >= 10) AND (a_id <= 200) )
    Filter : (value = '1' :double precision)
  -> Index Scan using tablea_pkey on tablea a (cost=0. 29. .8. 31 rows=1 width=18)
    Index Cond: (a_id = ba_id)
```

Nested Loopと表示されているのが分かります。
Nested Loopsのアルゴリズムで結合が行われています。

Nested Loopsが結合の最もメジャーなアルゴリズムです。

```sql
SELECT * FROM table1
INNER JOIN table2
ON table1.column = table2.column
```

このようなSQL文を実行するとき、取得するレコードが少ない方のテーブルを「駆動表」といいます。
「駆動表」でない方のテーブルを「内部表」といいます。

**Nested Loopsのアルゴリズム**

* 駆動表を1行ずつループしながらスキャンする。
* 駆動表の1行に対して、内部表を1行ずるスキャンして、結合条件に合致する場合はそれを取得する。
* その処理を駆動表のすべてのループに対して実施。

結合の処理を速くなる条件は

* 「駆動表を小さくする」
* 「内部表の結合キーにインデックスが存在する」

の2つがポイントになります。

### Hash

先ほどのSQLから少し条件を変更してみます。
今回は実行結果は1000レコード出力されます。

```sql
EXPLAIN SELECT * FROM tableA a
INNER JOIN tableB b
ON a.a_id = b.a_id
WHERE b.value = 1;
```

結果

```text
QUERY PLAN
---------------------------------
Hash Join (cost=1803. 38. . 3825. 28 rows=990 width=30)
  Hash Cond: (a. a_id = b. a_id)
  -> Seq Scan on tablea a (cost=0. 00. 1637. 00 rows=100000 width=18)
  Hash (cost=1791. 00. . 1791. 00 rows=990 width=12)
    -> Seq Scan on tableb b (cost=0. 00. . 1791. 00 rows=990 width=12)
      Filter: (value = '1 :double precision)
```

Hash Joinと表示されているのが分かります。
Hashのアルゴリズムで結合が行われています。

**Hashのアルゴリズム**

* 小さいテーブルに対してスキャンし、結合キーに対してハッシュ関数を適用することでハッシュ値に変換する。それをハッシュテーブルと呼ぶ。
* そしてもう一方のテーブルをスキャンし、そのハッシュ値がハッシュテーブルに存在するかどうかを調べる。
* 合致したら結合を行う。

**Hashの特徴**

* ハッシュテーブルを作成する必要があるため、Nested Loopsよりも多くのメモリを消費する。
* 等値結合（=での結合）でのみ使用可能。
* Nested Loopsで適切な駆動表が存在しない場合や、結合キーにインデックスが存在しない場合などでは、Hashが有効なケースとなります。

※ハッシュテーブルがメモリに収まるかどうかで速さが決まる。
メモリ内にテーブルを作れれば、高速になるが、
そうでなかった場合はパフォーマンスが低下する。

---

### Sort Merge

次はWHERE句を無くしてみます。
100000レコード出力されるSQLになります。

```sql
EXPLAIN SELECT * FROM tableA a
INNER JOIN tableB b
ON a.a_id = b.a_id
order by b.a_id;
```

結果

```text
QUERY PLAN
------------------------------------
Merge Join (cost=0. 58. . 7892. 59 rows=100000 width=30)
  Merge Cond: (a. a id = b a_id)
  -> Index Scan using tablea_pkey on tablea a (cost=0. 29. 3244. 29 rows=100000 width=18)
  ->Index Scan using a_index on tableb b (cost=0. 29. . 3148, 29 rows=100000 width=12)
```

ここではMerge Joinと表示されているのが分かります。
Sort Mergeによる結合が行われています。

**Sort Mergeのアルゴリズム**

* テーブルをそれぞれ結合キーでソートする。
* 片方のテーブルをスキャンしながら一致する結合キーが存在したら、結合する。

**Sort Mergeの特徴**

* 対象のテーブルを両方ソートするため、多くのメモリを使用する。
* Hashとは違って不等号を使った結合も可能。

---

**ケース別の最適なアルゴリズム**

* 小 – 小
  * どんなアルゴリズムでも性能差はほとんどない。
* 小 – 大
  * 「小」のテーブルを駆動表としたNested Loopsが最適
* 大 – 大
  * HashかMerge Sort

※「大」「小」は駆動表と内部表のサイズ

---

**DBMS毎の制御**

結合のアルゴリズムはオプティマイザによって自動的に選択されます。
しかし、DBMSによってはヒント句によって制御が可能です。

* Oracle：ヒント句によって制御可能
* SQL Server：ヒント句によって制御可能
* DB2：制御不可
* PostgreSQL：ヒント句やパラメータで制御可能
* MySQL：アルゴリズムがNested Loopsのみ

---

**結合のまとめ**

* 結合のアルゴリズムは主に3つある。
* DBMSによってサポートされているアルゴリズムが異なる。
* ヒント句によって結合のアルゴリズムの制御も可能。
* ただし、どの程度制御できるかはDBMSによって異なる。
* 結合のアルゴリズムで最も使用される頻度が高いのはNested Loops
* 結合の処理を速くするには
  * 駆動表を小さくする
  * 内部表の結合キーにインデックスが存在する
    の２つを意識する

上記が無理な場合、Hash JoinかSort Margeになる可能性が高い。
その場合はメモリの容量がカギとなる。

---

## 実行計画の読み方

複雑なSQL文の場合、実行計画は階層構造になっています。
SQLの実行の順序としては、内側の「->」のマークの個所から実行されます。
同じ階層の場合は、上から順に実行されます。
最終的なコストは、それぞれのコストの合計値になります。
基本的にはコストが低いほうがパフォーマンスが高くなると考えて良いが、コストの値が直接速度に比例するわけではありません。

**Nested Loopsの場合**

```text
QUERY PLAN
------------------------------------------
Nested Loop (cost=0. 58. .30. 28 rows=2 width=30)
  -> Index Scan using a index on tableb b (cost=0. 29. 13. 64 rows=2 width=12)
    Index Cond: (id >= 10) AND (a_id <= 200))
    Filter: (value = '1 : double precision)
  -> Index Scan using tablea_pkey on tablea a (cost=0. 29. . 8. 31 rows=1 width=18)
    Index Cond: (a_id = b. a_id)
```

それぞれのテーブルに対する検索のコストの合計が全体のコストになります。
最初にレコード件数の少ないテーブルを絞り込み、そのあとに結合を行います。

**Hashの場合**

```text
QUERY PLAN
----------------------------------------
Hash Join
(cost=1803. 38. . 3825. 28 rows=990 width=30)
  Hash Cond: (a. a_id = b. a_id)
  -> Seq Scan on tablea a (cost=0. 00. .1637. 00 rows=100000 width=18)
  -> Hash (cost=1791. 00. . 1791 00 rows=990 width=12)
    -> Seq Scan on tableb b (cost=0. 00. 1791 00 rows=990 width=12)
      Filter: (value = '1' : double precision)
```

この場合、tablebへの検索が先に行われ、次にtablebへの検索が行われ、最後にHashによる結合が行われます。

```text
QUERY PLAN
----------------------------------
Merge Join
(cost=0. 58..7892. 59 rows=100000 width=30)
  Merge Cond: (a.a_id = b.a_id)
  ->  Index Scan using tablea pkey on tablea a (cost=0. 29. . 3244. 29 rows=100000 width=18)
  ->  Index Scan using a_index on tableb b (cost=0. 29. . 3148. 29 rows=100000 width=12)
```

tableAをキー順に全件スキャンし、tableBをキー順にスキャン、最後に結合をします。

---

## 演習問題

様々なSQLの実行計画を読み解いてみましょう。

今までの実行計画は、全件検索かWHERE句を用いて絞り込みを行ったSELECT文のみでした。

しかし、実際に使用される現場のSQLではソートや集計など、様々な処理が施されています。

それぞれの処理を行うことで実行計画にどのような変化があるのかを読み解いてみましょう。

以下のSQL文の実行計画を確認してみましょう。

```sql
-- ORDER BY ①
SELECT * FROM tableB 
WHERE a_id BETWEEN 1 AND 100 
ORDER BY b_id;
```

```sql
-- ORDER BY ②
SELECT * FROM tableB 
WHERE a_id BETWEEN 1 AND 100 
ORDER BY a_id;
```

```sql
-- ORDER BY ③
SELECT * FROM tableB 
WHERE a_id BETWEEN 1 AND 100 
ORDER BY a_id DESC;
```

```sql
-- LIMIT
SELECT * FROM tableB 
WHERE a_id BETWEEN 1 AND 100 
LIMIT 50;
```

```sql
-- ORDER BY & LIMIT
SELECT * FROM tableB 
WHERE a_id BETWEEN 1 AND 100 
ORDER BY b_id
LIMIT 50;
```

```sql
-- COUNT
SELECT count(*) 
FROM tableB;
```

```sql
-- GROUP BY
SELECT value, count(*) 
FROM tableB 
GROUP BY value;
```

```sql
-- GROUP BY & HAVING
SELECT value, count(*)
FROM tableB 
GROUP BY value
HAVING count(*) > 100;
```

```sql
-- WHERE & GROUP BY
SELECT value, count(*) 
FROM tableB 
WHERE b_id < 1000
GROUP BY value;
```

```sql
-- GROUP BY & ORDER BY
SELECT value FROM tableB 
GROUP BY value 
ORDER BY value;
```

```sql
-- UNION
SELECT a_id FROM tableA
UNION
SELECT a_id FROM tableB;
```

```sql
-- UNION ALL
SELECT a_id FROM tableA
UNION ALL
SELECT a_id FROM tableB;
```

```sql
-- EXCEPT
SELECT a_id FROM tableA
EXCEPT
SELECT a_id FROM tableB;
```

```sql
-- EXISTS ①
SELECT * FROM tableA a
WHERE EXISTS (SELECT * FROM tableB 
                WHERE a_id = a.a_id AND value = 1
                AND a_id BETWEEN 1 AND 200);
```

```sql
-- EXISTS ②
SELECT * FROM tableB b
WHERE a_id BETWEEN 1 AND 200
AND value = 1
AND EXISTS (SELECT * FROM tableA
            WHERE a_id = b.a_id);
```

```sql
-- EXISTS ③
SELECT * FROM tableA a
WHERE EXISTS (SELECT * FROM tableB 
                WHERE a_id = a.a_id 
                AND value = 1);
```

```sql
-- EXISTS ④
SELECT * FROM tableB b
WHERE value = 1
AND EXISTS (SELECT * FROM tableA
            WHERE a_id = b.a_id);
```

```sql
-- INを使ったサブクエリ ① 
SELECT * FROM tableA
WHERE a_id in (SELECT a_id FROM tableB 
                WHERE value = 1
                AND a_id BETWEEN 1 AND 200);
```

```sql
-- INを使ったサブクエリ ②
SELECT * FROM tableB b
WHERE a_id BETWEEN 1 AND 200
AND value = 1
AND a_id IN (SELECT a_id FROM tableA);
```

```sql
-- インラインビューを使用したサブクエリ
SELECT * FROM tableA a
INNER JOIN (SELECT value, max(a_id) a_id
                      FROM tableB
                      GROUP BY value) b
ON a.a_id = b.a_id;
```

---

## 参考資料

**ORDER BY ①**

ORDER BYを使用すると、取得結果を並び替える必要があるため、並び替えの処理のコストが上乗せされます。

```text
EXPLAIN SELECT * FROM tableB 
WHERE a_id BETWEEN 1 AND 100 
ORDER BY b_id;

QUERY PLAN
--------------------------------------------
Sort (cost=13.61. . 13.86 rows=100 width=12)
  Sort Key: b_id
  -> Index Scan using a index on tableb (cost=0. 29. . 10.29 rows=100 width=12)
      Index Cond: ((a_id >= 1) AND (a_id <= 100) )
```

---

**ORDER BY ②**

ORDER BYをしているが並び替えのコストが発生していません。
その理由が分かりますか？

```text
EXPLAIN SELECT * FROM tableB 
WHERE a_id BETWEEN 1 AND 100 
ORDER BY a_id;

QUERY PLAN
--------------------------------
Index Scan using a_index on tableb (cost=0.29. . 10.29 rows=100 width=12)
  Index Cond: ( (a_id >= 1) AND (a_id <= 100) )
```

order byしていますが、sortはされていません。
先ほどとの違いは分かりますか？
今回のSELECT文は、WHEREで絞り込んだカラムに対してORDER BYしてますね。
で、絞り込んだ時に、インデックスが使用されています。

インデックスはカラムの値の昇順で並んでいます。
そのため、インデックスを使用して取得した時点で、値が昇順に並んでいます。
だから、SORTの必要がなく、その分のコストは省略されています。

---

ORDER BY ③
並ぶ順序が逆になっただけ。コストは②から変化なし

```text
EXPLAIN SELECT * FROM tableB 
WHERE a_id BETWEEN 1 AND 100 
ORDER BY a_id DESC;

Index Scan Backword using a_index on tableb (cost=0.29..10.29 rows=100 width=12)
  Index Cond: ((a_id >= 1) AND (a_id <= 100))
```

---

**LIMIT**

取得件数を制限するので、コストは上乗せされず、むしろカットされる。

```text
EXPLAIN SELECT * FROM tableB 
WHERE a_id BETWEEN 1 AND 100 
LIMIT 50;

QUERY PLAN
------------------------------------------
Limit (cost=0.29. .5.29 rows=50 width=12)
  -> Index Scan using a index on tableb (cost=0. 29. . 10.29 rows=100 width=12)
    Index Cond: ((a_id >= 1) AND (a_id <= 100)
```

---

**ORDER BY & LIMIT**

並び替えの分のコストは上乗せされるが、LIMITにより件数を制限しているため、全てのレコードがソートされるまで待つ必要はなく、その分のコストはカットされている。

```text
EXPLAIN SELECT * FROM tableB 
WHERE a_id BETWEEN 1 AND 100 
ORDER BY b_id
LIMIT 50;

QUERY PLAN
----------------------------------------------
Limit (cost=13.61..13.74 rows=50 width=12)
  -> Sort (cost=13.61. . 13.86 rows50 width=12) 
       Sort Key: b_id
       -> Index Scan using a_index on tableb (cost=0.29. . 10.29 rows=100 width=12)
            Index Cond: ((a_id >= 1) AND (a_id <= 100))
```

---

**COUNT**

集約の処理が行われた場合、Aggreateが使用される。

```text
explain SELECT count (*)
FROM tableB;

QUERY PLAN
--------------------------------------------------
Aggregate (cost=1791. 00. . 1791. 01 rows=1 width=0)
  -> Seq Scan on tableb(cost=0. 00. . 1541. 00 rows=100000 width=0)
```

group by を使わずに、count, max, min, sumみたいな集約関数を使った場合はAggregateが使用される。

---

**GROUP BY**

GROUP BYした場合には、HashAggregate またはGroupAggregate が使用される。

```text
explain SELECT value, count (*)
FROM tableB
GROUP BY value;

QUERY PLAN
-----------------------------------------------
HashAggregate (cost=2041 . 00. .2042.00 rows=100 width=12)
  Group Key: value
  -> Seq Scan on tableb (cost=0.00. . 1541.00 rows=100000 width=4)

```

GROUP BY を使用すると、集約する処理分のコストがかかる。
Group Keyがあると集約。
group by したときは、HashAggregateか、GroupAggregate

---

**GROUP BY & HAVING**

```text
explain SELECT value, count (* )
FROM tableB
GROUP BY value
HAVING count (*) > 100;

QUERY PLAN
-----------------------------------------
HashAggregate (cost=2291.00. .2292.00 rows=100 width=12)
  Group Key: value
  Filter: (count (*) > 100)
  - Seq Scan on tableb (cost=0.00. . 1541.00 rows=100000 width=4)
```

Havingの場合は、集約した後に絞り込みを行う。
そのため、コストが上乗せされる。

---

**WHERE & GROUP BY**

先に絞り込んだ分コストは小さくなる。

```text
explain SELECT value, count (*)
FROM tableB
WHERE id < 1000
GROUP BY value;

QUERY PLAN
---------------------------------------------------
HashAggregate (cost=44 . 06. . 45.06 rows=100 width=12)
  Group Key: value
  ->  Index Scan using tableb pkey on tableb (cost=0.29. .39.00 rows=1012 width=4)
        Index Cond: (b_id < 1000)
```

一般に、集約する処理は、集約するレコードの件数が少ないほどコストが小さい。
WHEREで先に絞り込んでおくと、集約するレコード件数を絞り込めるので、その分コストが少なくなる。

---

**GROUP BY & ORDER BY**

```text
explain SELECT value FROM tableB
GROUP BY value
ORDER BY value;

QUERY PLAN
------------------------------------------------------
Sort (cost=1795. 32. . 1795.57 rows=100 width=4)
  Sort Key: value
  -> HashAggregate (cost=1791.00. . 1792.00 rows=100 width=4)
       Group Key: value
       -> Seq Scan on tableb (cost=0.00. . 1541.00 rows=100000 width=4)
```

集約した後に、SORTの処理が入る。

ちなみに集約とかソートではワーキングメモリというメモリ領域が使用されるので、その容量によって速度への影響度が変わる。
コストが大きいから絶対遅くなるというわけではないので注意。

---

**UNION**

Appendで2つの実行結果を足した後、並び替えて重複を削除している。

```text
explain SELECT a_id FROM tableA
UNION
SELECT a_id FROM tableB;

QUERY PLAN
------------------------------------------------------
Unique (cost=25524. 64..26524.64 rows=200000 width=4)
  -> Sort (cost=25524.64..26024.64 rows=200000 width=4)
       Sort Key: tablea.a_id
       -> Append (cost=0.00..5178.00 rows=200000 width=4)
            -> Seq Scan on tablea(cost=0. 00. . 1637. 00 rows=100000 width=4)
            -> Seq Scan on tableb(cost=0. 00. . 1541. 00 rows=100000 width=4)
```

UNIONの場合はAppendという演算子が使用される。
UNIONでは重複が削除されるので、sortする必要があり、コストが高い

Uniqueは重複を削除する演算子。
DISTNCTとかでも使用される。

---

**UNION ALL**

重複を削除する必要がないため、並び替えの処理のなく、UNIONよりもコストが軽い。

```text
EXPLAIN SELECT a_id FROM tableA
UNION ALL
SELECT a_id FROM tableB;

QUERY PLAN
-------------------------------------------------------
Result (cost=0.00.3178.00 rows=200000 width=4)
  -> Append (cost=0.00..3178.00 rows=200000 width=4)
       -> Seq Scan on tablea (cost=0. 00. . 1637. 00 rows=100000 width=4)
       -> Seq Scan on tableb (cost=0. 00. . 1541. 00 rows=100000 width=4)
```

Resultは、テーブルを参照せずにSELECT文を実行した場合などの結果を出す演算子。
なぜUNIONでそれが出るのかは不明なのだけれど、、、
UNION ALL の場合は、重複を削除しないので、ソートの必要がない。
その分、コストが低くなっている。

---

**EXCEPT**

```text
explain SELECT a_id FROM tableA
EXCEPT
SELECT a_id FROM tableBi

QUERY PLAN
---------------------------------------------------------------------
SetOp Except (cost=25524.64..26524.64 rows=100000 width=4)
  -> Sort (cost=25524.64..26024.64 rows=200000 width=4)
       Sort Key: "*SELECT* 1".a_id
       -> Append (cost=0.00..5178.00 rows=200000 width=4)
            -> subquery scan on "*SELECT* 1"  (cost=0.00..2637.00 rows=100000 width=4)
                 -> Seq Scan on tablea (cost=0.00..1637.00 rows=100000 width=4)
            -> subquery scan on "*SELECT* 2"  (cost=0.00..2541.00 rows=100000 width=4)
                 -> Seq Scan on tableb (cost=0.00..1541.00 rows=100000 width=4)
```

---

**EXISTS ①**

内部の動きは結合と同じ。

```text
explain SELECT * FROM tableA a
WHERE EXISTS (SELECT * FROM tableB 
                WHERE a_id = a.a_id AND value = 1
                AND a_id BETWEEN 1 AND 200);

QUERY PLAN
----------------------------------------------
Nested Loop (cost=14 14..30 50 rows=2 width=18)
  -> Unique (cost 13:85; . 13.86 rows=2 width=4)
       -> Sort (cost 18 80 - 18: 85 rows=2 width=4)
            Sort Key: tableb.a_id
            -> Index Scan using a index on tableb (cost-0. 29. . 13.84 rows=2 width=4)
                 Index Cond:((a_id >= 1) AND (a_id <= 200) )
                 Filter : (value = '1':: double precision)
  -> Index Scan using tablea_pkey on tablea a (cost=0.29. .8.31 rows=1 width=18)
       Index Cond: (a_id = tableb.a_id)
```

existsは基本的に内部の動きは結合と同じです。
外側のSELECT文が駆動表になって、サブクエリの中のレコードを探しに行くという動き。

---

**EXISTS ②**

```text
explain SELECT * FROM tableB b
WHERE a_id BETWEEN 1 AND 200
AND value = 1
AND EXISTS (SELECT * FROM tableA
                WHERE a id = b.a_id);

QUERY PLAN
---------------------------------------------------
Nested Loop Semi Join(cost=0.58. ; 30. 48 rows=2 width=12)
  -> Index Scan using a index on tableb b(cost-0.29. . 13.84 rows=2 width=12)
       Index Cond: ((a_id >= 1) AND (a_id <= 200>))
       Filter : (value = 1 : :double precision)
  -> Index Only Scan using tablea pkey on tablea (cost=0.29. .8.31 rows=1 width=4)
       Index Cond: (a_id = b.a_id)
```

さっきのやつと駆動表が逆になった。
駆動表のレコード件数をあらかじめ絞り込めるので、さっきのSELECT文よりもコストが低くなった。

---

**EXISTS ③**

```text
explain SELECT * FROM tableA a
WHERE EXISTS (SELECT * FROM tableB
                WHERE a_id = a.a_id AND value = 1);

QUERY PLAN
---------------------------------------------------------
Hash Semi Join (cost=1803.38..3713.89 rows=990 width=18)
  Hash Cond: (a.a_id = tableb.a_id)
  -> Seq Scan on tablea a (cost=0.00..1637.00 rows=990 width=4)
  -> Hash (cost=0.00..1791.00 rows=990 width=4)
       -> Seq Scan on tableb (cost=0.00. . 1791 00 rows=990 width=4)
            Filter: (value = '1'::double precision)
```

---

**EXISTS ④**

```text
explain SELECT * FROM tableB b
WHERE value
AND EXISTS (SELECT * FROM tableA
            WHERE a_'d = b.a_id);

QUERY PLAN
--------------------------------------------------------
Hash Join (cost 1803.38. .3825.28 rows=990 width=12)
  Hash Cond: (tablea. a_id
  -> Sea Scan on tablea(cost=0.00..1637.00 rows=100000 width=4)
  -> Hash (cost=1791.00..1791.00 rows=990 width=12)
       -> Seq Scan on tableb b (cost=0.00. . 1791.00 rows=990 width=12)
            Filter: (value = '1' : : double precision)
```

---

**INを使ったサブクエリ ①**

```text
SELECT * FROM tableA
WHERE a_id in (SELECT a_id FROM tableB 
                WHERE value = 1
                AND a_id BETWEEN 1 AND 200);

QUERY PLAN
--------------------------------------------------------
Nested Loop (cost=14.14..30.50 rows=2 width=18)
  -> Unique (cost=13.85..13.86 rows=2 width=4)
       -> Sort (cost=13.85..13.85 rows=2 width=4)
            Sort Key: tableb.a_id
            -> Index Scan using a index on tableb (cost=0. 29. . 13.84 rows=2 width=4)
                 Index Cond: ((a_id >= 1) AND (a_id <= 200))
                 Filter: (value = '1' : :double precision)
  -> Index Scan using tablea_pkey on tablea (cost=0.29. .8.31 rows=1 width=18)
       Index Cond: (a_id = tableb.a_id)
```

INの場合はEXISTSと同じ結果となった。
結果的に同じになるので、同じSQLとして解釈されて実行されている可能性が高い。

---

**INを使ったサブクエリ ②**

```text
explain SELECT * FROM tableB b
WHERE a_id BETWEEN 1 AND 200
AND value = 1
AND a_id IN (SELECT a_id FROM tableA);

QUERY PLAN
---------------------------------------------------------------
Nested Loop Semi Join (cost=0. 58. .30. 48 rows=2 width=12)
  -> Index Scan using a_index on tableb b (cost=0.29..13.84 rows=2 width=12)
       Index Cond: ((a_id >= 1) AND (a_id <= 200))
       Filter: (value ='1'::double precision)
  -> Index Only Scan using tablea pkey on tablea (cost=0.29. .8.31 rows=1 width=4)
       Index Cond: (a_id = b.a_id)
```

---

**インラインビューを使用したサブクエリ**

```text
explain SELECT * FROM tableA a
INNER JOIN (SELECT value, max(a_id) a_id
            FROM tableB
            GROUP BY value) b
ON a. a_id = b.a_id;

QUERY PLAN
-------------------------------------------------
Nested Loop (cost=2041.29. 2787.00 rows=100 width=26)
  -> HashAggreate  (cost=2041 . 00. . 2042.00 rows=100 width=8)
       Group Key: tableb.value
       -> Seq Scan on tableb (cost=0.00. . 1541.00 rows=100000 width=8)
  -> Index Scan using tablea_pkey on tablea a (cost=0.29. .7.43 rows=1 width=18)
       Index Cond: (a_id = (max(tableb.a_id) ) )
```

今まで見てきた実行計画の組み合わせです。
インラインビューの部分は、group by があるので、その実行計画です。
その結果とjoinしているので、nested loopsで結合しています。

サブクエリは、全体で見ると複雑なSQLに見えるものが多いですが、
所詮はSELECT文の中にSELECT文があるだけなので、
一つ一つに分解すれば、そこまで難しくない場合がほとんど。
中のSELECT文の実行計画から順序良く見ていって、どの部分でコストがかかっているのかを探し出せば、
原因を見つけやすい。

---

## 統計情報

DBMSが管理する統計情報には様々なものがあります。

* 各テーブルのレコード数
* 各テーブルの列数と列のサイズ
* 列値の値の個数
* 列値の分布
* 列内のNULLの数
* インデックス情報

などがあります。

**統計情報の更新方法**

最適な実行計画は統計情報をもとに決定しています。
DBMSが定期的に自動で取得する場合が多いが、大量のデータを更新した直後などは、手動で取得を行う必要があります。

|DBMS|コマンド|
|:--|:--|
|Oracle|EXEC DBMS_STATS.GATHER_TABLE_STATS(OWNNAME => スキーマ名, TABNAME => テーブル名)|
|SQL Server|UPDATE STATISTICS テーブル名|
|DB2|RUNSTATS ON TABLE テーブル名|
|PostgreSQL|ANALYZE テーブル名|
|MySQL|ANALYZE TABLE テーブル名|

夜間に自動で取ってくれるDBMSもあります。Oracleはそう。
使用しているDBMSがどうなっているか調べて、統計情報を定期的に取得したり、スケジューラで実行したりする必要があります。

**統計情報の重要性**

統計情報が実行計画にどのように影響するかを確認してみます。
1レコードしか存在しないテーブルに対して実行計画を取得しています。
その場合取得行数は１となっています。

```text
SELECT COUNT (*) FROM tableA;

count
-------
    1
(1 行)

EXPLAIN SELECT * FROM tableA;

QUERY PLAN
------------------------------------
Seq Scan on tablea (cost=0.00..1.01 rows=1 width=14)
(1 行)
```

次にレコードを100000件インサートし、統計情報を更新しない状態で再度実行計画を取得してみます。
すると2件というおかしな件数になっているのが分かります。

```text
SELECT COUNT (*) FROM tableA;

count
-------
100001
(1 行)

EXPLAIN SELECT * FROM tableA;

QUERY PLAN
------------------------------------
Seq Scan on tablea (cost=0.00..1274.01 rows=2 width=14)
```

analyzeコマンドを実施し、最新の統計情報を取得して再度実行計画を取得した場合は、正しい結果になっているのが分かります。

```text
analyze tableA;
ANALYZE

EXPLAIN SELECT * FROM tableA;

QUERY PLAN
-------------------------------------.
Seq Scan on tablea(cost=0. 00. . 2274. 01 | rows=100001| width=18)
```

以上の結果からわかるように、正しい統計情報が取得できないとオプティマイザが求めた実行計画が最適でない状況になることがあります。
速度が遅い場合や大量のデータを扱う場合には統計情報を意識するようにしましょう。

## 実行計画と統計情報のまとめ

**SQLが遅いと感じたら**

実行計画を確認し、インデックスが適切に使用されているかどうかを確認しましょう。

**結合を使ったSQLが遅いと感じたら**

実行計画を確認し、どのアルゴリズムが使用されている確認しましょう。
結合を速くするには、結合する側のテーブルの行数を少なくし、結合される側のテーブルの結合キーにインデックスを使用することです。

**大量のデータを更新したら**

統計情報も最新に更新しましょう。
